[debug] ----------------------------------------------------------------------
[debug] Command:      C:\Program Files\nodejs\node.exe C:\Users\JvL\AppData\Roaming\npm\node_modules\firebase-tools\bin\firebase deploy
[debug] CLI Version:  3.2.1
[debug] Platform:     win32
[debug] Node Version: v7.4.0
[debug] Time:         Fri Jan 27 2017 00:20:04 GMT+0100 (W. Europe Standard Time)
[debug] ----------------------------------------------------------------------
[debug] 
[debug] > command requires scopes: ["email","openid","https://www.googleapis.com/auth/cloudplatformprojects.readonly","https://www.googleapis.com/auth/firebase"]
[debug] > refreshing access token with scopes: ["email","https://www.googleapis.com/auth/cloudplatformprojects.readonly","https://www.googleapis.com/auth/firebase","openid"]
[debug] >>> HTTP REQUEST POST https://www.googleapis.com/oauth2/v3/token
[debug] <<< HTTP RESPONSE 200
[debug] >>> HTTP REQUEST GET https://admin.firebase.com/v1/projects/business-contacts-96503 
[debug] <<< HTTP RESPONSE 200
[debug] >>> HTTP REQUEST GET https://admin.firebase.com/v1/database/business-contacts-96503/tokens 
[debug] <<< HTTP RESPONSE 200
[info] 
[info] === Deploying to 'business-contacts-96503'...
[info] 
[info] i  deploying database, hosting
[info] +  database: rules ready to deploy.
[info] i  hosting: preparing dist directory for upload...
[debug] >>> HTTP REQUEST PUT https://deploy.firebase.com/v1/hosting/business-contacts-96503/uploads/-KbS42rXLaBAZuACeanN?fileCount=10&message= 
[debug] <<< HTTP RESPONSE 200
[info] +  hosting: dist folder uploaded successfully
[info] +  hosting: 10 files uploaded successfully
[info] i  starting release process (may take several minutes)...
[debug] >>> HTTP REQUEST POST https://deploy.firebase.com/v1/projects/business-contacts-96503/releases
